Traceback (most recent call last):
  File "/home/ben/miniconda3/envs/myCareerBook/lib/python3.9/site-packages/jupyter_cache/executors/utils.py", line 51, in single_nb_execution
    executenb(
  File "/home/ben/miniconda3/envs/myCareerBook/lib/python3.9/site-packages/nbclient/client.py", line 1117, in execute
    return NotebookClient(nb=nb, resources=resources, km=km, **kwargs).execute()
  File "/home/ben/miniconda3/envs/myCareerBook/lib/python3.9/site-packages/nbclient/util.py", line 78, in wrapped
    return just_run(coro(*args, **kwargs))
  File "/home/ben/miniconda3/envs/myCareerBook/lib/python3.9/site-packages/nbclient/util.py", line 57, in just_run
    return loop.run_until_complete(coro)
  File "/home/ben/miniconda3/envs/myCareerBook/lib/python3.9/asyncio/base_events.py", line 642, in run_until_complete
    return future.result()
  File "/home/ben/miniconda3/envs/myCareerBook/lib/python3.9/site-packages/nbclient/client.py", line 558, in async_execute
    await self.async_execute_cell(
  File "/home/ben/miniconda3/envs/myCareerBook/lib/python3.9/site-packages/nbclient/client.py", line 862, in async_execute_cell
    self._check_raise_for_error(cell, exec_reply)
  File "/home/ben/miniconda3/envs/myCareerBook/lib/python3.9/site-packages/nbclient/client.py", line 765, in _check_raise_for_error
    raise CellExecutionError.from_cell_and_msg(cell, exec_reply_content)
nbclient.exceptions.CellExecutionError: An error occurred while executing the following cell:
------------------
# read csv file
import pandas as pd
pd.options.plotting.backend = "plotly"

articles_zenodo = pd.read_excel('RyC_articles.xlsx',sheet_name=1)
articles_zenodo.head()
------------------

[0;31m---------------------------------------------------------------------------[0m
[0;31mFileNotFoundError[0m                         Traceback (most recent call last)
[0;32m/tmp/ipykernel_22753/3293729661.py[0m in [0;36m<module>[0;34m[0m
[1;32m      3[0m [0mpd[0m[0;34m.[0m[0moptions[0m[0;34m.[0m[0mplotting[0m[0;34m.[0m[0mbackend[0m [0;34m=[0m [0;34m"plotly"[0m[0;34m[0m[0;34m[0m[0m
[1;32m      4[0m [0;34m[0m[0m
[0;32m----> 5[0;31m [0marticles_zenodo[0m [0;34m=[0m [0mpd[0m[0;34m.[0m[0mread_excel[0m[0;34m([0m[0;34m'RyC_articles.xlsx'[0m[0;34m,[0m[0msheet_name[0m[0;34m=[0m[0;36m1[0m[0;34m)[0m[0;34m[0m[0;34m[0m[0m
[0m[1;32m      6[0m [0marticles_zenodo[0m[0;34m.[0m[0mhead[0m[0;34m([0m[0;34m)[0m[0;34m[0m[0;34m[0m[0m

[0;32m~/miniconda3/envs/py39/lib/python3.9/site-packages/pandas/util/_decorators.py[0m in [0;36mwrapper[0;34m(*args, **kwargs)[0m
[1;32m    309[0m                     [0mstacklevel[0m[0;34m=[0m[0mstacklevel[0m[0;34m,[0m[0;34m[0m[0;34m[0m[0m
[1;32m    310[0m                 )
[0;32m--> 311[0;31m             [0;32mreturn[0m [0mfunc[0m[0;34m([0m[0;34m*[0m[0margs[0m[0;34m,[0m [0;34m**[0m[0mkwargs[0m[0;34m)[0m[0;34m[0m[0;34m[0m[0m
[0m[1;32m    312[0m [0;34m[0m[0m
[1;32m    313[0m         [0;32mreturn[0m [0mwrapper[0m[0;34m[0m[0;34m[0m[0m

[0;32m~/miniconda3/envs/py39/lib/python3.9/site-packages/pandas/io/excel/_base.py[0m in [0;36mread_excel[0;34m(io, sheet_name, header, names, index_col, usecols, squeeze, dtype, engine, converters, true_values, false_values, skiprows, nrows, na_values, keep_default_na, na_filter, verbose, parse_dates, date_parser, thousands, comment, skipfooter, convert_float, mangle_dupe_cols, storage_options)[0m
[1;32m    362[0m     [0;32mif[0m [0;32mnot[0m [0misinstance[0m[0;34m([0m[0mio[0m[0;34m,[0m [0mExcelFile[0m[0;34m)[0m[0;34m:[0m[0;34m[0m[0;34m[0m[0m
[1;32m    363[0m         [0mshould_close[0m [0;34m=[0m [0;32mTrue[0m[0;34m[0m[0;34m[0m[0m
[0;32m--> 364[0;31m         [0mio[0m [0;34m=[0m [0mExcelFile[0m[0;34m([0m[0mio[0m[0;34m,[0m [0mstorage_options[0m[0;34m=[0m[0mstorage_options[0m[0;34m,[0m [0mengine[0m[0;34m=[0m[0mengine[0m[0;34m)[0m[0;34m[0m[0;34m[0m[0m
[0m[1;32m    365[0m     [0;32melif[0m [0mengine[0m [0;32mand[0m [0mengine[0m [0;34m!=[0m [0mio[0m[0;34m.[0m[0mengine[0m[0;34m:[0m[0;34m[0m[0;34m[0m[0m
[1;32m    366[0m         raise ValueError(

[0;32m~/miniconda3/envs/py39/lib/python3.9/site-packages/pandas/io/excel/_base.py[0m in [0;36m__init__[0;34m(self, path_or_buffer, engine, storage_options)[0m
[1;32m   1189[0m                 [0mext[0m [0;34m=[0m [0;34m"xls"[0m[0;34m[0m[0;34m[0m[0m
[1;32m   1190[0m             [0;32melse[0m[0;34m:[0m[0;34m[0m[0;34m[0m[0m
[0;32m-> 1191[0;31m                 ext = inspect_excel_format(
[0m[1;32m   1192[0m                     [0mcontent_or_path[0m[0;34m=[0m[0mpath_or_buffer[0m[0;34m,[0m [0mstorage_options[0m[0;34m=[0m[0mstorage_options[0m[0;34m[0m[0;34m[0m[0m
[1;32m   1193[0m                 )

[0;32m~/miniconda3/envs/py39/lib/python3.9/site-packages/pandas/io/excel/_base.py[0m in [0;36minspect_excel_format[0;34m(content_or_path, storage_options)[0m
[1;32m   1068[0m         [0mcontent_or_path[0m [0;34m=[0m [0mBytesIO[0m[0;34m([0m[0mcontent_or_path[0m[0;34m)[0m[0;34m[0m[0;34m[0m[0m
[1;32m   1069[0m [0;34m[0m[0m
[0;32m-> 1070[0;31m     with get_handle(
[0m[1;32m   1071[0m         [0mcontent_or_path[0m[0;34m,[0m [0;34m"rb"[0m[0;34m,[0m [0mstorage_options[0m[0;34m=[0m[0mstorage_options[0m[0;34m,[0m [0mis_text[0m[0;34m=[0m[0;32mFalse[0m[0;34m[0m[0;34m[0m[0m
[1;32m   1072[0m     ) as handle:

[0;32m~/miniconda3/envs/py39/lib/python3.9/site-packages/pandas/io/common.py[0m in [0;36mget_handle[0;34m(path_or_buf, mode, encoding, compression, memory_map, is_text, errors, storage_options)[0m
[1;32m    709[0m         [0;32melse[0m[0;34m:[0m[0;34m[0m[0;34m[0m[0m
[1;32m    710[0m             [0;31m# Binary mode[0m[0;34m[0m[0;34m[0m[0m
[0;32m--> 711[0;31m             [0mhandle[0m [0;34m=[0m [0mopen[0m[0;34m([0m[0mhandle[0m[0;34m,[0m [0mioargs[0m[0;34m.[0m[0mmode[0m[0;34m)[0m[0;34m[0m[0;34m[0m[0m
[0m[1;32m    712[0m         [0mhandles[0m[0;34m.[0m[0mappend[0m[0;34m([0m[0mhandle[0m[0;34m)[0m[0;34m[0m[0;34m[0m[0m
[1;32m    713[0m [0;34m[0m[0m

[0;31mFileNotFoundError[0m: [Errno 2] No such file or directory: 'RyC_articles.xlsx'
FileNotFoundError: [Errno 2] No such file or directory: 'RyC_articles.xlsx'

